Face detection and face recognition.
start checking
end checking
rvUHuigRe_M
1439
c5h5gMdqpUI
1112
urL4FOwR45s
603
-KwP1oFN9iE
2381
qvrTOzew9nM
244
gny4B5YOV0s
699
Qx6GNUTqf_A
572
sCYPhd1D7lI
625
vBnpGIZK9R0
596
9hvjBi4PKWA
1187
qlZhIiPIdek
232
lSYGmHuyhTM
526
6E9cdgMvQT0
678
-TcaLE4PsC8
1015
M2hsCvBixps
738
vXzuFprlyrw
1451
DU0XhWKIiLw
1482
lBdOxuoPops
443
VGHE8n6Vi4k
931
cZcMJQEqZ6Y
772
BCYR7AgJykY
52
cjiut3VBQW0
81
etOkgjrTfa8
576
rr2XfL_df3o
1358
cJP7py_OZ0A
17
vweZfVZlkes
181
tMtM4fyGH70
838
vInUoPtg8m0
1162
ejuSwiovC_U
536
jcHGvKvmSnQ
1111
jfcguJz-KVc
924
GFKv7XWMF6U
989
yo7iR_QXNgs
1334
BvMlo99zvo4
251
n4xw2fmSCrs
583
iiMvUTKjnGk
1123
DDpXdljhstg
809
TP4VQTUbypM
493
4BVUs9hWVPk
842
FkOwDsR_Tmk
80
C4sAUc_ZGMY
790
8bazI_pp7TM
1740
IDcyXtweHCw
1889
npe-2gCr18Q
109
TLQkoZX9Mog
901
di1afyrEKoc
1282
6uMq7Dx_6C8
1349
7ljIr248EcU
435
zbJavxNZ1Z8
1476
w97bjcRwWDU
470
fAKCwAwIPMg
925
THtiWWmNiXI
332
ibNkhDFvP6Y
72
kimhcNyVFvk
1363
nWwKePTgECA
1087
0r2gjy8iZDU
398
b1BQPmLrrjU
27
C6BOIr7sN20
1509
LAsnQoBUG4Q
710
oyvU6QB_4yY
859
LcI6F_GPwfE
790
bp8BWEYaS7Y
1979
4eq51D12--M
164
lMF7h3COEDY
129
LfC6g9dDNl8
379
MHLNW0UQwcI
1065
zU86I7CNwdE
545
VaSstf9VJGQ
672
OqF37mluqkc
835
cyXQHPcBac8
532
3GyaSfOi6fs
1942
OTQ6Y6UqmM4
1768
J1v_AuUlyVg
879
yGDOa5Qbo3E
1525
qNAo0UdYF6g
1236
Z_ikXZ3xDm8
50
8FpPSMIB4uA
1092
2FWwMQylJeQ
3299
HmeFMg0zAEY
770
cp_iKrwY4MY
682
5Ld7Y14nPLc
1251
cTYnv8G9yM4
1108
Kk-GkVQkaDk
62
QqcJo9lO4YY
702
C8c2smXYkBg
1741
1uu9VWBgcBU
817
ZFbWKbc3EgM
992
mpBXUGoM0VA
1129
BsosQkfa2L8
492
nlSvyLrj_rc
97
SvMhWghZ_EE
274
g_OG11RA2oY
440
6nCyvvEGgvo
1069
CghqH21A2Ew
658
CAmZXCZ-e94
1364
-AtACj3eYeY
943
wexzvClUcUk
578
JnGXTk57rOU
761
wGKb3oUo8go
787
KgRMA8Nqc4Q
16
4Zt3zTQWtJo
891
-DFddcaWhag
205
dLIuX3D8UFk
741
7nM6EaR50Tc
1581
y2HvCcb-eTc
1597
ehv3zQAa9zM
681
TnkdoEZhTbc
1016
ID4CzB7cdS0
610
3MJh2Dm9IgQ
235
597xMzkrLsI
2169
pB5edUEtnKk
57
wN7JYgzBshE
649
TVy4jfms5CQ
1381
S3J-aYpGay4
S3J-aYpGay4: cannot recognize the target face
0Jc5Ryk2mCw
532
djgWP-kosVI
115
7bp7vNVT8lU
1956
znK0vGDl-DA
90
LGL-vtA8-yM
183
3n7160XCPyA
17
TranVlEwQqw
597
4mJyDM7u02U
1602
ZXOfSNq-cJg
575
X9r0DNNpyTA
2239
_x-u8mUSFss
1042
g6igTJXcqvo
4555
jcJHrp5eNRI
5201
_VAlGmtfDN0
484
JNXmjTmuGNM
685
qfeXjNVVbe8
190
0exHhIsCOoc
47
TZ9prxJhbPw
542
xoj5ElQK2yw
825
zmsR3k8s-AM
1155
KEbME7MS9Ek
1618
ek9bmIlDens
467
zV7y4Oex1DQ
1185
efnHuRHsuok
efnHuRHsuok: cannot recognize the target face
Ssuqhyqah2k
1586
cm1kU9EI_tA
389
PxV-0RxcJZU
2094
ocEQ-yGMrhE
60
ILHEYblJ7uM
801
WDdYlkLaut4
257
X-Ossi42dm0
549
eaggnLr3xZI
93
eY9dXcjkVx8
949
IfYbG7hdSGo
145
dp4nWm59esI
721
Gunfv__bbn4
53
-njHjebtIg4
881
iOdItPihjuo
918
kaXzBouCO3Q
kaXzBouCO3Q: cannot recognize the target face
T-UhbAcZd3I
554
5XyTnqVTZvI
1022
EJDLdxZeRXs
185
jspqUVm7w38
17
2HU5sMAptDY
47
7hEPj13PUGc
907
aPOQ77219fE
333
pcURbSo9yKg
46
roWxo6jWoYw
418
ApUsTe2prdM
2735
qhuIpBlbeT4
122
R5_v0OdFD0A
702
g5ymJNLURRI
1120
cqq_pyRgLZs
1875
rLTZJH5Gm4M
105
kt9p6ev6Ctw
73
RTbrXiIzUt4
1213
xgPidlmMPfA
1378
58a2VLXZd6A
848
lzq4k02cLM0
129
C9U2uOnTlXE
901
pnkVZm2ijfY
4467
plNlVYjet9o
120
Wk1oClYJE58
1167
t7jbT1YhyQU
378
GW5PSU5ap5c
4287
tpa5NzsoH-o
1670
V7J9aMy_CFk
3265
o2MIICv0DpM
1140
vSAa_ls9grQ
769
5LoBGoQPUNc
1010
HHRbILfOQFo
1540
fr6bsl4J7Vc
875
ZS-LwWzlKdc
546
J-kw_UMPqTo
1607
OImb5LzqOik
99
07mIwEa3xbQ
614
y72bAm4SvkE
725
IR30WFBlU1A
364
vh_9ATDbXY8
863
gwIcgyqioPo
89
UcVPIOCpygo
1851
-OWQsKF5Hss
133
4TsMik6TkFQ
727
FD0v-Hti574
514
ava4Z3sJMLk
205
SCNBCwPBQYM
930
vkqLx7OIIcw
1182
0EA_7lkUvcg
0EA_7lkUvcg: cannot recognize the target face
RY63Nw0w33w
669
zH3eaMHVZs4
810
ebZEe46ctMA
465
MMl5LtLFyqI
2806
SG3Zz_pfbOE
656
GH5I749mGuI
967
FITTkh-kf6g
569
aDjlsdHXyls
954
EdaGdFcDLSk
1562
8u5D3v-HvFg
1468
2E0pg_63EAg
52
wDq6W-cxkEg
1928
qiomveUeUJ8
364
c4JdpdIsJvY
727
ERQg4K8Hl4Q
796
p6sMyskpVwg
172
6irorkXCLyw
914
0uelCIIMyjE
17
e_5lE6o1Byc
39
-pTGc7cIBIA
1047
pcdzcWods1A
630
9ng9HtM704E
1771
p80VyQ5wLvg
60
B0sIiGMNR_Q
853
WEiNeO1S9tU
2449
sboa3ESq-Uo
sboa3ESq-Uo: cannot recognize the target face
fBHq7U8hLp8
1122
joT5LmoJV5I
297
IGBakb5crHQ
898
F7KeyslENGc
331
kip0axDBjQ0
1019
8IQq7XIo5Lo
54
CaaJyRvvaq8
1073
yHNoOIQICmU
1472
iMIAqhaLKwQ
689
cW1KJf7JKgI
660
uUufIngu1rI
49
QgQ8fJAulYA
925
9rvqDxBsJX4
503
9v5d8fsfJSs
1337
Aq1wjtXTfw0
1082
vten8JBqwd4
120
AXZolkovwGs
1596
uhIdijSrnVc
895
gkmzDwgvqQM
678
j1eO9UOi-sc
133
P8cCjYkpjhs
594
O1sZcX-BBSA
761
J2npVg9ONFo
767
zbD32b4UiZ8
495
gZ02oH8ZA1k
240
VDleuiPSgFE
134
6A0sLVgJ7qU
1079
VMu7KUcaxgQ
1211
IFON04_L3zk
463
nQ2QF5Oa0bk
745
Aoa8tJFcOOk
471
IapZfEZfuBk
618
dbAkuiS8PHU
412
dxJvAJHAyBs
1007
8iwB39xokqE
304
r2hdXdqXu3Y
147
1b9Q2w2Ec9M
627
o-3xPzz36ck
810
KLyNFrKyG74
2126
NEo5-zBTdqE
585
BiL260MY7i0
1791
MZ8giCWDcyE
785
utsluflkPPo
utsluflkPPo: cannot recognize the target face
32vhqVYosjg
531
AYcqLymo6M4
426
ZvPzY6MsmCs
822
3xmE2FoTp1Y
1160
3VRQfu2JJKQ
1236
c7EXHTxSiJs
2260
AA_Y9X88dZQ
2802
iLLi02P1FN4
657
xzna7HOmBpU
1183
GZAkmVzUEQE
88
iEqUM1hPIVc
1557
PnLjU90aL78
628
FyvqT1GX6Q4
FyvqT1GX6Q4: cannot recognize the target face
hUizUIxNwiw
1450
Fop2oskTug8
493
KMAGigZPby4
755
TTza7ORDquI
1313
4Qhw49CkUVI
438
o0v-A9WDhr4
43
2G4CYVzPVQU
95
RBhUJ1HPKd8
624
MWQA1-BIfak
1153
kQVyWLTy6aA
1477
VwooWH2ltAw
1119
OPRT88pf6P8
485
FXO42NVFkKk
599
Finished
sh: 11: face_det.sh: Syntax error: Unterminated quoted string
